This is pdfTeX, Version 3.14159265-2.6-1.40.20 (TeX Live 2019) (preloaded format=pdflatex 2019.5.8)  12 DEC 2019 12:34
entering extended mode
 restricted \write18 enabled.
 file:line:error style messages enabled.
 %&-line parsing enabled.
**Template.tex
(./Template.tex
LaTeX2e <2018-12-01>
(/usr/local/texlive/2019/texmf-dist/tex/latex/base/article.cls
Document Class: article 2018/09/03 v1.4i Standard LaTeX document class
(/usr/local/texlive/2019/texmf-dist/tex/latex/base/size10.clo
File: size10.clo 2018/09/03 v1.4i Standard LaTeX file (size option)
)
\c@part=\count80
\c@section=\count81
\c@subsection=\count82
\c@subsubsection=\count83
\c@paragraph=\count84
\c@subparagraph=\count85
\c@figure=\count86
\c@table=\count87
\abovecaptionskip=\skip41
\belowcaptionskip=\skip42
\bibindent=\dimen102
) (./spconf.sty)
(/usr/local/texlive/2019/texmf-dist/tex/latex/amsmath/amsmath.sty
Package: amsmath 2018/12/01 v2.17b AMS math features
\@mathmargin=\skip43

For additional information on amsmath, use the `?' option.
(/usr/local/texlive/2019/texmf-dist/tex/latex/amsmath/amstext.sty
Package: amstext 2000/06/29 v2.01 AMS text

(/usr/local/texlive/2019/texmf-dist/tex/latex/amsmath/amsgen.sty
File: amsgen.sty 1999/11/30 v2.0 generic functions
\@emptytoks=\toks14
\ex@=\dimen103
))
(/usr/local/texlive/2019/texmf-dist/tex/latex/amsmath/amsbsy.sty
Package: amsbsy 1999/11/29 v1.2d Bold Symbols
\pmbraise@=\dimen104
)
(/usr/local/texlive/2019/texmf-dist/tex/latex/amsmath/amsopn.sty
Package: amsopn 2016/03/08 v2.02 operator names
)
\inf@bad=\count88
LaTeX Info: Redefining \frac on input line 223.
\uproot@=\count89
\leftroot@=\count90
LaTeX Info: Redefining \overline on input line 385.
\classnum@=\count91
\DOTSCASE@=\count92
LaTeX Info: Redefining \ldots on input line 482.
LaTeX Info: Redefining \dots on input line 485.
LaTeX Info: Redefining \cdots on input line 606.
\Mathstrutbox@=\box27
\strutbox@=\box28
\big@size=\dimen105
LaTeX Font Info:    Redeclaring font encoding OML on input line 729.
LaTeX Font Info:    Redeclaring font encoding OMS on input line 730.
\macc@depth=\count93
\c@MaxMatrixCols=\count94
\dotsspace@=\muskip10
\c@parentequation=\count95
\dspbrk@lvl=\count96
\tag@help=\toks15
\row@=\count97
\column@=\count98
\maxfields@=\count99
\andhelp@=\toks16
\eqnshift@=\dimen106
\alignsep@=\dimen107
\tagshift@=\dimen108
\tagwidth@=\dimen109
\totwidth@=\dimen110
\lineht@=\dimen111
\@envbody=\toks17
\multlinegap=\skip44
\multlinetaggap=\skip45
\mathdisplay@stack=\toks18
LaTeX Info: Redefining \[ on input line 2844.
LaTeX Info: Redefining \] on input line 2845.
)
(/usr/local/texlive/2019/texmf-dist/tex/latex/graphics/graphicx.sty
Package: graphicx 2017/06/01 v1.1a Enhanced LaTeX Graphics (DPC,SPQR)

(/usr/local/texlive/2019/texmf-dist/tex/latex/graphics/keyval.sty
Package: keyval 2014/10/28 v1.15 key=value parser (DPC)
\KV@toks@=\toks19
)
(/usr/local/texlive/2019/texmf-dist/tex/latex/graphics/graphics.sty
Package: graphics 2017/06/25 v1.2c Standard LaTeX Graphics (DPC,SPQR)

(/usr/local/texlive/2019/texmf-dist/tex/latex/graphics/trig.sty
Package: trig 2016/01/03 v1.10 sin cos tan (DPC)
)
(/usr/local/texlive/2019/texmf-dist/tex/latex/graphics-cfg/graphics.cfg
File: graphics.cfg 2016/06/04 v1.11 sample graphics configuration
)
Package graphics Info: Driver file: pdftex.def on input line 99.

(/usr/local/texlive/2019/texmf-dist/tex/latex/graphics-def/pdftex.def
File: pdftex.def 2018/01/08 v1.0l Graphics/color driver for pdftex
))
\Gin@req@height=\dimen112
\Gin@req@width=\dimen113
)
(/usr/local/texlive/2019/texmf-dist/tex/latex/pagecolor/pagecolor.sty
Package: pagecolor 2017/05/29 v1.0i Provides thepagecolor (HMM)

(/usr/local/texlive/2019/texmf-dist/tex/latex/oberdiek/kvoptions.sty
Package: kvoptions 2016/05/16 v3.12 Key value format for package options (HO)

(/usr/local/texlive/2019/texmf-dist/tex/generic/oberdiek/ltxcmds.sty
Package: ltxcmds 2016/05/16 v1.23 LaTeX kernel commands for general use (HO)
)
(/usr/local/texlive/2019/texmf-dist/tex/generic/oberdiek/kvsetkeys.sty
Package: kvsetkeys 2016/05/16 v1.17 Key value parser (HO)

(/usr/local/texlive/2019/texmf-dist/tex/generic/oberdiek/infwarerr.sty
Package: infwarerr 2016/05/16 v1.4 Providing info/warning/error messages (HO)
)
(/usr/local/texlive/2019/texmf-dist/tex/generic/oberdiek/etexcmds.sty
Package: etexcmds 2016/05/16 v1.6 Avoid name clashes with e-TeX commands (HO)

(/usr/local/texlive/2019/texmf-dist/tex/generic/oberdiek/ifluatex.sty
Package: ifluatex 2016/05/16 v1.4 Provides the ifluatex switch (HO)
Package ifluatex Info: LuaTeX not detected.
))))

Package pagecolor Warning: The pagecolor package must be loaded after either
(pagecolor)                package color or after package xcolor (at your
(pagecolor)                option). Neither package was loaded before package
(pagecolor)                pagecolor. Loading of package xcolor will now be
(pagecolor)                tried automatically.
(pagecolor)                When the pagecolor package is used with option
(pagecolor)                pagecolor using a colour requiring e. g. x11names
(pagecolor)                option for xcolor package, this will not work!
(pagecolor)                 on input line 80.

(/usr/local/texlive/2019/texmf-dist/tex/latex/xcolor/xcolor.sty
Package: xcolor 2016/05/11 v2.12 LaTeX color extensions (UK)

(/usr/local/texlive/2019/texmf-dist/tex/latex/graphics-cfg/color.cfg
File: color.cfg 2016/01/02 v1.6 sample color configuration
)
Package xcolor Info: Driver file: pdftex.def on input line 225.
Package xcolor Info: Model `cmy' substituted by `cmy0' on input line 1348.
Package xcolor Info: Model `hsb' substituted by `rgb' on input line 1352.
Package xcolor Info: Model `RGB' extended on input line 1364.
Package xcolor Info: Model `HTML' substituted by `rgb' on input line 1366.
Package xcolor Info: Model `Hsb' substituted by `hsb' on input line 1367.
Package xcolor Info: Model `tHsb' substituted by `hsb' on input line 1368.
Package xcolor Info: Model `HSB' substituted by `hsb' on input line 1369.
Package xcolor Info: Model `Gray' substituted by `gray' on input line 1370.
Package xcolor Info: Model `wave' substituted by `hsb' on input line 1371.
)
(/usr/local/texlive/2019/texmf-dist/tex/generic/oberdiek/ifpdf.sty
Package: ifpdf 2018/09/07 v3.3 Provides the ifpdf switch
))
(/usr/local/texlive/2019/texmf-dist/tex/latex/booktabs/booktabs.sty
Package: booktabs 2016/04/27 v1.618033 publication quality tables
\heavyrulewidth=\dimen114
\lightrulewidth=\dimen115
\cmidrulewidth=\dimen116
\belowrulesep=\dimen117
\belowbottomsep=\dimen118
\aboverulesep=\dimen119
\abovetopsep=\dimen120
\cmidrulesep=\dimen121
\cmidrulekern=\dimen122
\defaultaddspace=\dimen123
\@cmidla=\count100
\@cmidlb=\count101
\@aboverulesep=\dimen124
\@belowrulesep=\dimen125
\@thisruleclass=\count102
\@lastruleclass=\count103
\@thisrulewidth=\dimen126
)
(/usr/local/texlive/2019/texmf-dist/tex/latex/fouriernc/fouriernc.sty
Package: fouriernc 2005/12/20 1.0 fouriernc package

(/usr/local/texlive/2019/texmf-dist/tex/latex/fourier/fourier.sty
Package: fourier 2005/01/01 1.4 fourier-GUTenberg package
Now handling font encoding FML ...
... no UTF-8 mapping file for font encoding FML
Now handling font encoding FMS ...
... no UTF-8 mapping file for font encoding FMS
Now handling font encoding FMX ...
... no UTF-8 mapping file for font encoding FMX

(/usr/local/texlive/2019/texmf-dist/tex/latex/base/fontenc.sty
Package: fontenc 2018/08/11 v2.0j Standard LaTeX package

(/usr/local/texlive/2019/texmf-dist/tex/latex/base/t1enc.def
File: t1enc.def 2018/08/11 v2.0j Standard LaTeX file
LaTeX Font Info:    Redeclaring font encoding T1 on input line 48.
))
(/usr/local/texlive/2019/texmf-dist/tex/latex/base/textcomp.sty
Package: textcomp 2018/08/11 v2.0j Standard LaTeX package
Package textcomp Info: Sub-encoding information:
(textcomp)               5 = only ISO-Adobe without \textcurrency
(textcomp)               4 = 5 + \texteuro
(textcomp)               3 = 4 + \textohm
(textcomp)               2 = 3 + \textestimated + \textcurrency
(textcomp)               1 = TS1 - \textcircled - \t
(textcomp)               0 = TS1 (full)
(textcomp)             Font families with sub-encoding setting implement
(textcomp)             only a restricted character set as indicated.
(textcomp)             Family '?' is the default used for unknown fonts.
(textcomp)             See the documentation for details.
Package textcomp Info: Setting ? sub-encoding to TS1/1 on input line 79.

(/usr/local/texlive/2019/texmf-dist/tex/latex/base/ts1enc.def
File: ts1enc.def 2001/06/05 v3.0e (jk/car/fm) Standard LaTeX file
Now handling font encoding TS1 ...
... processing UTF-8 mapping file for font encoding TS1

(/usr/local/texlive/2019/texmf-dist/tex/latex/base/ts1enc.dfu
File: ts1enc.dfu 2018/10/05 v1.2f UTF-8 support for inputenc
   defining Unicode char U+00A2 (decimal 162)
   defining Unicode char U+00A3 (decimal 163)
   defining Unicode char U+00A4 (decimal 164)
   defining Unicode char U+00A5 (decimal 165)
   defining Unicode char U+00A6 (decimal 166)
   defining Unicode char U+00A7 (decimal 167)
   defining Unicode char U+00A8 (decimal 168)
   defining Unicode char U+00A9 (decimal 169)
   defining Unicode char U+00AA (decimal 170)
   defining Unicode char U+00AC (decimal 172)
   defining Unicode char U+00AE (decimal 174)
   defining Unicode char U+00AF (decimal 175)
   defining Unicode char U+00B0 (decimal 176)
   defining Unicode char U+00B1 (decimal 177)
   defining Unicode char U+00B2 (decimal 178)
   defining Unicode char U+00B3 (decimal 179)
   defining Unicode char U+00B4 (decimal 180)
   defining Unicode char U+00B5 (decimal 181)
   defining Unicode char U+00B6 (decimal 182)
   defining Unicode char U+00B7 (decimal 183)
   defining Unicode char U+00B9 (decimal 185)
   defining Unicode char U+00BA (decimal 186)
   defining Unicode char U+00BC (decimal 188)
   defining Unicode char U+00BD (decimal 189)
   defining Unicode char U+00BE (decimal 190)
   defining Unicode char U+00D7 (decimal 215)
   defining Unicode char U+00F7 (decimal 247)
   defining Unicode char U+0192 (decimal 402)
   defining Unicode char U+02C7 (decimal 711)
   defining Unicode char U+02D8 (decimal 728)
   defining Unicode char U+02DD (decimal 733)
   defining Unicode char U+0E3F (decimal 3647)
   defining Unicode char U+2016 (decimal 8214)
   defining Unicode char U+2020 (decimal 8224)
   defining Unicode char U+2021 (decimal 8225)
   defining Unicode char U+2022 (decimal 8226)
   defining Unicode char U+2030 (decimal 8240)
   defining Unicode char U+2031 (decimal 8241)
   defining Unicode char U+203B (decimal 8251)
   defining Unicode char U+203D (decimal 8253)
   defining Unicode char U+2044 (decimal 8260)
   defining Unicode char U+204E (decimal 8270)
   defining Unicode char U+2052 (decimal 8274)
   defining Unicode char U+20A1 (decimal 8353)
   defining Unicode char U+20A4 (decimal 8356)
   defining Unicode char U+20A6 (decimal 8358)
   defining Unicode char U+20A9 (decimal 8361)
   defining Unicode char U+20AB (decimal 8363)
   defining Unicode char U+20AC (decimal 8364)
   defining Unicode char U+20B1 (decimal 8369)
   defining Unicode char U+2103 (decimal 8451)
   defining Unicode char U+2116 (decimal 8470)
   defining Unicode char U+2117 (decimal 8471)
   defining Unicode char U+211E (decimal 8478)
   defining Unicode char U+2120 (decimal 8480)
   defining Unicode char U+2122 (decimal 8482)
   defining Unicode char U+2126 (decimal 8486)
   defining Unicode char U+2127 (decimal 8487)
   defining Unicode char U+212E (decimal 8494)
   defining Unicode char U+2190 (decimal 8592)
   defining Unicode char U+2191 (decimal 8593)
   defining Unicode char U+2192 (decimal 8594)
   defining Unicode char U+2193 (decimal 8595)
   defining Unicode char U+2329 (decimal 9001)
   defining Unicode char U+232A (decimal 9002)
   defining Unicode char U+2422 (decimal 9250)
   defining Unicode char U+25E6 (decimal 9702)
   defining Unicode char U+25EF (decimal 9711)
   defining Unicode char U+266A (decimal 9834)
   defining Unicode char U+FEFF (decimal 65279)
))
LaTeX Info: Redefining \oldstylenums on input line 334.
Package textcomp Info: Setting cmr sub-encoding to TS1/0 on input line 349.
Package textcomp Info: Setting cmss sub-encoding to TS1/0 on input line 350.
Package textcomp Info: Setting cmtt sub-encoding to TS1/0 on input line 351.
Package textcomp Info: Setting cmvtt sub-encoding to TS1/0 on input line 352.
Package textcomp Info: Setting cmbr sub-encoding to TS1/0 on input line 353.
Package textcomp Info: Setting cmtl sub-encoding to TS1/0 on input line 354.
Package textcomp Info: Setting ccr sub-encoding to TS1/0 on input line 355.
Package textcomp Info: Setting ptm sub-encoding to TS1/4 on input line 356.
Package textcomp Info: Setting pcr sub-encoding to TS1/4 on input line 357.
Package textcomp Info: Setting phv sub-encoding to TS1/4 on input line 358.
Package textcomp Info: Setting ppl sub-encoding to TS1/3 on input line 359.
Package textcomp Info: Setting pag sub-encoding to TS1/4 on input line 360.
Package textcomp Info: Setting pbk sub-encoding to TS1/4 on input line 361.
Package textcomp Info: Setting pnc sub-encoding to TS1/4 on input line 362.
Package textcomp Info: Setting pzc sub-encoding to TS1/4 on input line 363.
Package textcomp Info: Setting bch sub-encoding to TS1/4 on input line 364.
Package textcomp Info: Setting put sub-encoding to TS1/5 on input line 365.
Package textcomp Info: Setting uag sub-encoding to TS1/5 on input line 366.
Package textcomp Info: Setting ugq sub-encoding to TS1/5 on input line 367.
Package textcomp Info: Setting ul8 sub-encoding to TS1/4 on input line 368.
Package textcomp Info: Setting ul9 sub-encoding to TS1/4 on input line 369.
Package textcomp Info: Setting augie sub-encoding to TS1/5 on input line 370.
Package textcomp Info: Setting dayrom sub-encoding to TS1/3 on input line 371.
Package textcomp Info: Setting dayroms sub-encoding to TS1/3 on input line 372.

Package textcomp Info: Setting pxr sub-encoding to TS1/0 on input line 373.
Package textcomp Info: Setting pxss sub-encoding to TS1/0 on input line 374.
Package textcomp Info: Setting pxtt sub-encoding to TS1/0 on input line 375.
Package textcomp Info: Setting txr sub-encoding to TS1/0 on input line 376.
Package textcomp Info: Setting txss sub-encoding to TS1/0 on input line 377.
Package textcomp Info: Setting txtt sub-encoding to TS1/0 on input line 378.
Package textcomp Info: Setting lmr sub-encoding to TS1/0 on input line 379.
Package textcomp Info: Setting lmdh sub-encoding to TS1/0 on input line 380.
Package textcomp Info: Setting lmss sub-encoding to TS1/0 on input line 381.
Package textcomp Info: Setting lmssq sub-encoding to TS1/0 on input line 382.
Package textcomp Info: Setting lmvtt sub-encoding to TS1/0 on input line 383.
Package textcomp Info: Setting lmtt sub-encoding to TS1/0 on input line 384.
Package textcomp Info: Setting qhv sub-encoding to TS1/0 on input line 385.
Package textcomp Info: Setting qag sub-encoding to TS1/0 on input line 386.
Package textcomp Info: Setting qbk sub-encoding to TS1/0 on input line 387.
Package textcomp Info: Setting qcr sub-encoding to TS1/0 on input line 388.
Package textcomp Info: Setting qcs sub-encoding to TS1/0 on input line 389.
Package textcomp Info: Setting qpl sub-encoding to TS1/0 on input line 390.
Package textcomp Info: Setting qtm sub-encoding to TS1/0 on input line 391.
Package textcomp Info: Setting qzc sub-encoding to TS1/0 on input line 392.
Package textcomp Info: Setting qhvc sub-encoding to TS1/0 on input line 393.
Package textcomp Info: Setting futs sub-encoding to TS1/4 on input line 394.
Package textcomp Info: Setting futx sub-encoding to TS1/4 on input line 395.
Package textcomp Info: Setting futj sub-encoding to TS1/4 on input line 396.
Package textcomp Info: Setting hlh sub-encoding to TS1/3 on input line 397.
Package textcomp Info: Setting hls sub-encoding to TS1/3 on input line 398.
Package textcomp Info: Setting hlst sub-encoding to TS1/3 on input line 399.
Package textcomp Info: Setting hlct sub-encoding to TS1/5 on input line 400.
Package textcomp Info: Setting hlx sub-encoding to TS1/5 on input line 401.
Package textcomp Info: Setting hlce sub-encoding to TS1/5 on input line 402.
Package textcomp Info: Setting hlcn sub-encoding to TS1/5 on input line 403.
Package textcomp Info: Setting hlcw sub-encoding to TS1/5 on input line 404.
Package textcomp Info: Setting hlcf sub-encoding to TS1/5 on input line 405.
Package textcomp Info: Setting pplx sub-encoding to TS1/3 on input line 406.
Package textcomp Info: Setting pplj sub-encoding to TS1/3 on input line 407.
Package textcomp Info: Setting ptmx sub-encoding to TS1/4 on input line 408.
Package textcomp Info: Setting ptmj sub-encoding to TS1/4 on input line 409.
)
(/usr/local/texlive/2019/texmf-dist/tex/latex/fourier/fourier-orns.sty
Package: fourier-orns 2004/01/30 1.1 fourier-ornaments package
)
LaTeX Font Info:    Redeclaring symbol font `operators' on input line 50.
LaTeX Font Info:    Encoding `OT1' has changed to `T1' for symbol font
(Font)              `operators' in the math version `normal' on input line 50.
LaTeX Font Info:    Overwriting symbol font `operators' in version `normal'
(Font)                  OT1/cmr/m/n --> T1/futs/m/n on input line 50.
LaTeX Font Info:    Encoding `OT1' has changed to `T1' for symbol font
(Font)              `operators' in the math version `bold' on input line 50.
LaTeX Font Info:    Overwriting symbol font `operators' in version `bold'
(Font)                  OT1/cmr/bx/n --> T1/futs/m/n on input line 50.
LaTeX Font Info:    Overwriting symbol font `operators' in version `bold'
(Font)                  T1/futs/m/n --> T1/futs/b/n on input line 51.
LaTeX Font Info:    Redeclaring symbol font `letters' on input line 59.
LaTeX Font Info:    Encoding `OML' has changed to `FML' for symbol font
(Font)              `letters' in the math version `normal' on input line 59.
LaTeX Font Info:    Overwriting symbol font `letters' in version `normal'
(Font)                  OML/cmm/m/it --> FML/futmi/m/it on input line 59.
LaTeX Font Info:    Encoding `OML' has changed to `FML' for symbol font
(Font)              `letters' in the math version `bold' on input line 59.
LaTeX Font Info:    Overwriting symbol font `letters' in version `bold'
(Font)                  OML/cmm/b/it --> FML/futmi/m/it on input line 59.
\symotherletters=\mathgroup4
LaTeX Font Info:    Overwriting symbol font `letters' in version `bold'
(Font)                  FML/futmi/m/it --> FML/futmi/b/it on input line 61.
LaTeX Font Info:    Overwriting symbol font `otherletters' in version `bold'
(Font)                  FML/futm/m/it --> FML/futm/b/it on input line 62.
LaTeX Font Info:    Redeclaring math symbol \Gamma on input line 63.
LaTeX Font Info:    Redeclaring math symbol \Delta on input line 64.
LaTeX Font Info:    Redeclaring math symbol \Theta on input line 65.
LaTeX Font Info:    Redeclaring math symbol \Lambda on input line 66.
LaTeX Font Info:    Redeclaring math symbol \Xi on input line 67.
LaTeX Font Info:    Redeclaring math symbol \Pi on input line 68.
LaTeX Font Info:    Redeclaring math symbol \Sigma on input line 69.
LaTeX Font Info:    Redeclaring math symbol \Upsilon on input line 70.
LaTeX Font Info:    Redeclaring math symbol \Phi on input line 71.
LaTeX Font Info:    Redeclaring math symbol \Psi on input line 72.
LaTeX Font Info:    Redeclaring math symbol \Omega on input line 73.
LaTeX Font Info:    Redeclaring symbol font `symbols' on input line 113.
LaTeX Font Info:    Encoding `OMS' has changed to `FMS' for symbol font
(Font)              `symbols' in the math version `normal' on input line 113.
LaTeX Font Info:    Overwriting symbol font `symbols' in version `normal'
(Font)                  OMS/cmsy/m/n --> FMS/futm/m/n on input line 113.
LaTeX Font Info:    Encoding `OMS' has changed to `FMS' for symbol font
(Font)              `symbols' in the math version `bold' on input line 113.
LaTeX Font Info:    Overwriting symbol font `symbols' in version `bold'
(Font)                  OMS/cmsy/b/n --> FMS/futm/m/n on input line 113.
LaTeX Font Info:    Redeclaring symbol font `largesymbols' on input line 114.
LaTeX Font Info:    Encoding `OMX' has changed to `FMX' for symbol font
(Font)              `largesymbols' in the math version `normal' on input line 1
14.
LaTeX Font Info:    Overwriting symbol font `largesymbols' in version `normal'
(Font)                  OMX/cmex/m/n --> FMX/futm/m/n on input line 114.
LaTeX Font Info:    Encoding `OMX' has changed to `FMX' for symbol font
(Font)              `largesymbols' in the math version `bold' on input line 114
.
LaTeX Font Info:    Overwriting symbol font `largesymbols' in version `bold'
(Font)                  OMX/cmex/m/n --> FMX/futm/m/n on input line 114.
LaTeX Font Info:    Redeclaring math alphabet \mathbf on input line 115.
LaTeX Font Info:    Overwriting math alphabet `\mathbf' in version `normal'
(Font)                  OT1/cmr/bx/n --> T1/futs/bx/n on input line 115.
LaTeX Font Info:    Overwriting math alphabet `\mathbf' in version `bold'
(Font)                  OT1/cmr/bx/n --> T1/futs/bx/n on input line 115.
LaTeX Font Info:    Redeclaring math alphabet \mathrm on input line 116.
LaTeX Font Info:    Redeclaring math alphabet \mathit on input line 117.
LaTeX Font Info:    Overwriting math alphabet `\mathit' in version `normal'
(Font)                  OT1/cmr/m/it --> T1/futs/m/it on input line 117.
LaTeX Font Info:    Overwriting math alphabet `\mathit' in version `bold'
(Font)                  OT1/cmr/bx/it --> T1/futs/m/it on input line 117.
LaTeX Font Info:    Redeclaring math alphabet \mathcal on input line 118.
LaTeX Font Info:    Redeclaring math symbol \parallel on input line 134.
LaTeX Font Info:    Redeclaring math symbol \hbar on input line 148.
LaTeX Font Info:    Redeclaring math symbol \varkappa on input line 186.
LaTeX Font Info:    Redeclaring math symbol \varvarrho on input line 187.
LaTeX Font Info:    Redeclaring math delimiter \Vert on input line 210.
LaTeX Font Info:    Redeclaring math delimiter \vert on input line 215.
LaTeX Font Info:    Redeclaring math delimiter \lvert on input line 217.
LaTeX Font Info:    Redeclaring math delimiter \rvert on input line 219.
LaTeX Font Info:    Redeclaring math delimiter \lVert on input line 221.
LaTeX Font Info:    Redeclaring math delimiter \rVert on input line 223.
LaTeX Font Info:    Redeclaring math delimiter \Downarrow on input line 225.
LaTeX Font Info:    Redeclaring math delimiter \backslash on input line 227.
LaTeX Font Info:    Redeclaring math delimiter \rangle on input line 229.
LaTeX Font Info:    Redeclaring math delimiter \langle on input line 231.
LaTeX Font Info:    Redeclaring math delimiter \rbrace on input line 233.
LaTeX Font Info:    Redeclaring math delimiter \lbrace on input line 235.
LaTeX Font Info:    Redeclaring math delimiter \rceil on input line 237.
LaTeX Font Info:    Redeclaring math delimiter \lceil on input line 239.
LaTeX Font Info:    Redeclaring math delimiter \rfloor on input line 241.
LaTeX Font Info:    Redeclaring math delimiter \lfloor on input line 243.
LaTeX Font Info:    Redeclaring math accent \acute on input line 247.
LaTeX Font Info:    Redeclaring math accent \grave on input line 248.
LaTeX Font Info:    Redeclaring math accent \ddot on input line 249.
LaTeX Font Info:    Redeclaring math accent \tilde on input line 250.
LaTeX Font Info:    Redeclaring math accent \bar on input line 251.
LaTeX Font Info:    Redeclaring math accent \breve on input line 252.
LaTeX Font Info:    Redeclaring math accent \check on input line 253.
LaTeX Font Info:    Redeclaring math accent \hat on input line 254.
LaTeX Font Info:    Redeclaring math accent \dot on input line 255.
LaTeX Font Info:    Redeclaring math accent \mathring on input line 256.
\symUfutm=\mathgroup5
)
LaTeX Font Info:    Redeclaring symbol font `letters' on input line 16.
LaTeX Font Info:    Overwriting symbol font `letters' in version `normal'
(Font)                  FML/futmi/m/it --> FML/fncmi/m/it on input line 16.
LaTeX Font Info:    Overwriting symbol font `letters' in version `bold'
(Font)                  FML/futmi/b/it --> FML/fncmi/m/it on input line 16.
LaTeX Font Info:    Redeclaring symbol font `otherletters' on input line 17.
LaTeX Font Info:    Overwriting symbol font `otherletters' in version `normal'
(Font)                  FML/futm/m/it --> FML/fncm/m/it on input line 17.
LaTeX Font Info:    Overwriting symbol font `otherletters' in version `bold'
(Font)                  FML/futm/b/it --> FML/fncm/m/it on input line 17.
LaTeX Font Info:    Overwriting symbol font `letters' in version `bold'
(Font)                  FML/fncmi/m/it --> FML/fncmi/b/it on input line 18.
LaTeX Font Info:    Overwriting symbol font `otherletters' in version `bold'
(Font)                  FML/fncm/m/it --> FML/fncm/b/it on input line 19.
LaTeX Font Info:    Redeclaring symbol font `operators' on input line 32.
LaTeX Font Info:    Overwriting symbol font `operators' in version `normal'
(Font)                  T1/futs/m/n --> T1/fnc/m/n on input line 32.
LaTeX Font Info:    Overwriting symbol font `operators' in version `bold'
(Font)                  T1/futs/b/n --> T1/fnc/m/n on input line 32.
LaTeX Font Info:    Overwriting symbol font `operators' in version `bold'
(Font)                  T1/fnc/m/n --> T1/fnc/b/n on input line 33.
LaTeX Font Info:    Redeclaring symbol font `symbols' on input line 34.
LaTeX Font Info:    Overwriting symbol font `symbols' in version `normal'
(Font)                  FMS/futm/m/n --> FMS/fncm/m/n on input line 34.
LaTeX Font Info:    Overwriting symbol font `symbols' in version `bold'
(Font)                  FMS/futm/m/n --> FMS/fncm/m/n on input line 34.
LaTeX Font Info:    Redeclaring math alphabet \mathbf on input line 35.
LaTeX Font Info:    Overwriting math alphabet `\mathbf' in version `normal'
(Font)                  T1/futs/bx/n --> T1/fnc/b/n on input line 35.
LaTeX Font Info:    Overwriting math alphabet `\mathbf' in version `bold'
(Font)                  T1/futs/bx/n --> T1/fnc/b/n on input line 35.
LaTeX Font Info:    Redeclaring math alphabet \mathrm on input line 36.
LaTeX Font Info:    Overwriting math alphabet `\mathrm' in version `normal'
(Font)                  T1/futs/m/n --> T1/fnc/m/n on input line 36.
LaTeX Font Info:    Overwriting math alphabet `\mathrm' in version `bold'
(Font)                  T1/futs/m/n --> T1/fnc/m/n on input line 36.
LaTeX Font Info:    Redeclaring math alphabet \mathit on input line 37.
LaTeX Font Info:    Overwriting math alphabet `\mathit' in version `normal'
(Font)                  T1/futs/m/it --> T1/fnc/m/it on input line 37.
LaTeX Font Info:    Overwriting math alphabet `\mathit' in version `bold'
(Font)                  T1/futs/m/it --> T1/fnc/m/it on input line 37.
LaTeX Font Info:    Redeclaring math alphabet \mathcal on input line 38.
LaTeX Font Info:    Overwriting math alphabet `\mathcal' in version `normal'
(Font)                  FMS/futm/m/n --> FMS/fncm/m/n on input line 38.
LaTeX Font Info:    Overwriting math alphabet `\mathcal' in version `bold'
(Font)                  FMS/futm/m/n --> FMS/fncm/m/n on input line 38.
)
\GPT@outputbox=\box29

(./Template.aux)
\openout1 = `Template.aux'.

LaTeX Font Info:    Checking defaults for OML/cmm/m/it on input line 48.
LaTeX Font Info:    ... okay on input line 48.
LaTeX Font Info:    Checking defaults for T1/cmr/m/n on input line 48.
LaTeX Font Info:    ... okay on input line 48.
LaTeX Font Info:    Checking defaults for OT1/cmr/m/n on input line 48.
LaTeX Font Info:    ... okay on input line 48.
LaTeX Font Info:    Checking defaults for OMS/cmsy/m/n on input line 48.
LaTeX Font Info:    ... okay on input line 48.
LaTeX Font Info:    Checking defaults for OMX/cmex/m/n on input line 48.
LaTeX Font Info:    ... okay on input line 48.
LaTeX Font Info:    Checking defaults for U/cmr/m/n on input line 48.
LaTeX Font Info:    ... okay on input line 48.
LaTeX Font Info:    Checking defaults for FML/fncmi/m/it on input line 48.
LaTeX Font Info:    Try loading font information for FML+fncmi on input line 48
.

(/usr/local/texlive/2019/texmf-dist/tex/latex/fouriernc/fmlfncmi.fd
File: fmlfncmi.fd 2005/12/20 Fontinst v1.928 font definitions for FML/fncmi.
)
LaTeX Font Info:    ... okay on input line 48.
LaTeX Font Info:    Checking defaults for FMS/fncm/m/n on input line 48.
LaTeX Font Info:    Try loading font information for FMS+fncm on input line 48.


(/usr/local/texlive/2019/texmf-dist/tex/latex/fouriernc/fmsfncm.fd
File: fmsfncm.fd 2005/12/20 Fontinst v1.928 font definitions for FMS/fncm.
)
LaTeX Font Info:    ... okay on input line 48.
LaTeX Font Info:    Checking defaults for FMX/futm/m/n on input line 48.
LaTeX Font Info:    Try loading font information for FMX+futm on input line 48.


(/usr/local/texlive/2019/texmf-dist/tex/latex/fourier/fmxfutm.fd
File: fmxfutm.fd futm-extension
)
LaTeX Font Info:    ... okay on input line 48.
LaTeX Font Info:    Checking defaults for TS1/cmr/m/n on input line 48.
LaTeX Font Info:    Try loading font information for TS1+cmr on input line 48.

(/usr/local/texlive/2019/texmf-dist/tex/latex/base/ts1cmr.fd
File: ts1cmr.fd 2014/09/29 v2.5h Standard LaTeX font definitions
)
LaTeX Font Info:    ... okay on input line 48.
LaTeX Font Info:    Try loading font information for T1+fnc on input line 48.

(/usr/local/texlive/2019/texmf-dist/tex/latex/fouriernc/t1fnc.fd
File: t1fnc.fd 2005/12/13 scaled font definitions for T1/fnc.
)
LaTeX Font Info:    Font shape `T1/fnc/m/n' will be
(Font)              scaled to size 9.29993pt on input line 48.

(/usr/local/texlive/2019/texmf-dist/tex/context/base/mkii/supp-pdf.mkii
[Loading MPS to PDF converter (version 2006.09.02).]
\scratchcounter=\count104
\scratchdimen=\dimen127
\scratchbox=\box30
\nofMPsegments=\count105
\nofMParguments=\count106
\everyMPshowfont=\toks20
\MPscratchCnt=\count107
\MPscratchDim=\dimen128
\MPnumerator=\count108
\makeMPintoPDFobject=\count109
\everyMPtoPDFconversion=\toks21
) (/usr/local/texlive/2019/texmf-dist/tex/latex/oberdiek/epstopdf-base.sty
Package: epstopdf-base 2016/05/15 v2.6 Base part for package epstopdf

(/usr/local/texlive/2019/texmf-dist/tex/latex/oberdiek/grfext.sty
Package: grfext 2016/05/16 v1.2 Manage graphics extensions (HO)

(/usr/local/texlive/2019/texmf-dist/tex/generic/oberdiek/kvdefinekeys.sty
Package: kvdefinekeys 2016/05/16 v1.4 Define keys (HO)
))
(/usr/local/texlive/2019/texmf-dist/tex/generic/oberdiek/pdftexcmds.sty
Package: pdftexcmds 2018/09/10 v0.29 Utility functions of pdfTeX for LuaTeX (HO
)
Package pdftexcmds Info: LuaTeX not detected.
Package pdftexcmds Info: \pdf@primitive is available.
Package pdftexcmds Info: \pdf@ifprimitive is available.
Package pdftexcmds Info: \pdfdraftmode found.
)
Package epstopdf-base Info: Redefining graphics rule for `.eps' on input line 4
38.
Package grfext Info: Graphics extension search list:
(grfext)             [.pdf,.png,.jpg,.mps,.jpeg,.jbig2,.jb2,.PDF,.PNG,.JPG,.JPE
G,.JBIG2,.JB2,.eps]
(grfext)             \AppendGraphicsExtensions on input line 456.

(/usr/local/texlive/2019/texmf-dist/tex/latex/latexconfig/epstopdf-sys.cfg
File: epstopdf-sys.cfg 2010/07/13 v1.3 Configuration of (r)epstopdf for TeX Liv
e
))
LaTeX Font Info:    Font shape `T1/fnc/m/n' will be
(Font)              scaled to size 11.15991pt on input line 51.
LaTeX Font Info:    Font shape `T1/fnc/bx/n' in size <12> not available
(Font)              Font shape `T1/fnc/b/n' tried instead on input line 51.
LaTeX Font Info:    Font shape `T1/fnc/b/n' will be
(Font)              scaled to size 11.15991pt on input line 51.
LaTeX Font Info:    Font shape `T1/fnc/m/n' will be
(Font)              scaled to size 8.36993pt on input line 51.
LaTeX Font Info:    Font shape `T1/fnc/m/n' will be
(Font)              scaled to size 6.50995pt on input line 51.
LaTeX Font Info:    Font shape `FMX/futm/m/n' will be
(Font)              scaled to size 11.03998pt on input line 51.
LaTeX Font Info:    Font shape `FMX/futm/m/n' will be
(Font)              scaled to size 8.27998pt on input line 51.
LaTeX Font Info:    Font shape `FMX/futm/m/n' will be
(Font)              scaled to size 6.43999pt on input line 51.
LaTeX Font Info:    Try loading font information for FML+fncm on input line 51.


(/usr/local/texlive/2019/texmf-dist/tex/latex/fouriernc/fmlfncm.fd
File: fmlfncm.fd 2005/12/20 Fontinst v1.928 font definitions for FML/fncm.
)
LaTeX Font Info:    Font shape `U/futm/m/n' will be
(Font)              scaled to size 11.03998pt on input line 51.
LaTeX Font Info:    Font shape `U/futm/m/n' will be
(Font)              scaled to size 8.27998pt on input line 51.
LaTeX Font Info:    Font shape `U/futm/m/n' will be
(Font)              scaled to size 6.43999pt on input line 51.
LaTeX Font Info:    Font shape `T1/fnc/m/it' will be
(Font)              scaled to size 11.15991pt on input line 51.
LaTeX Font Info:    Font shape `T1/fnc/bx/n' in size <10> not available
(Font)              Font shape `T1/fnc/b/n' tried instead on input line 53.
LaTeX Font Info:    Font shape `T1/fnc/b/n' will be
(Font)              scaled to size 9.29993pt on input line 53.
LaTeX Font Info:    Font shape `T1/fnc/bx/it' in size <10> not available
(Font)              Font shape `T1/fnc/b/it' tried instead on input line 57.
LaTeX Font Info:    Font shape `T1/fnc/b/it' will be
(Font)              scaled to size 9.29993pt on input line 57.
 [1{/usr/local/texlive/2019/texmf-var/fonts/map/pdftex/updmap/pdftex.map}



]
<voxceleb2_1.png, id=10, 584.1825pt x 412.54124pt>
File: voxceleb2_1.png Graphic file (type png)
<use voxceleb2_1.png>
Package pdftex.def Info: voxceleb2_1.png  used on input line 88.
(pdftex.def)             Requested size: 128.0374pt x 90.41942pt.
<voxceleb2_2.png, id=12, 617.30624pt x 433.62pt>
File: voxceleb2_2.png Graphic file (type png)
<use voxceleb2_2.png>
Package pdftex.def Info: voxceleb2_2.png  used on input line 94.
(pdftex.def)             Requested size: 128.0374pt x 89.93808pt.
<emovox_1.png, id=13, 462.528pt x 346.896pt>
File: emovox_1.png Graphic file (type png)
<use emovox_1.png>
Package pdftex.def Info: emovox_1.png  used on input line 106.
(pdftex.def)             Requested size: 128.0374pt x 96.02922pt.
<emovox_2.png, id=14, 462.528pt x 346.896pt>
File: emovox_2.png Graphic file (type png)
<use emovox_2.png>
Package pdftex.def Info: emovox_2.png  used on input line 113.
(pdftex.def)             Requested size: 128.0374pt x 96.02922pt.
 [2 <./voxceleb2_1.png> <./voxceleb2_2.png> <./emovox_1.png> <./emovox_2.png>]
<meld_1.png, id=22, 280.04625pt x 287.0725pt>
File: meld_1.png Graphic file (type png)
<use meld_1.png>
Package pdftex.def Info: meld_1.png  used on input line 132.
(pdftex.def)             Requested size: 113.81102pt x 116.66672pt.
<meld_2.png, id=23, 234.8775pt x 235.88126pt>
File: meld_2.png Graphic file (type png)
<use meld_2.png>
Package pdftex.def Info: meld_2.png  used on input line 138.
(pdftex.def)             Requested size: 113.81102pt x 114.29788pt.

Underfull \hbox (badness 1325) in paragraph at lines 146--147
\T1/fnc/m/n/10 The fi-nal dataset used is the In-ter-ac-tive Emo-tional
 []

LaTeX Font Info:    Font shape `T1/fnc/m/n' will be
(Font)              scaled to size 7.06795pt on input line 150.
LaTeX Font Info:    Font shape `T1/fnc/m/n' will be
(Font)              scaled to size 5.57996pt on input line 150.
LaTeX Font Info:    Font shape `FMX/futm/m/n' will be
(Font)              scaled to size 9.19998pt on input line 150.
LaTeX Font Info:    Font shape `FMX/futm/m/n' will be
(Font)              scaled to size 6.99199pt on input line 150.
LaTeX Font Info:    Font shape `FMX/futm/m/n' will be
(Font)              scaled to size 5.51999pt on input line 150.
LaTeX Font Info:    Font shape `U/futm/m/n' will be
(Font)              scaled to size 9.19998pt on input line 150.
LaTeX Font Info:    Font shape `U/futm/m/n' will be
(Font)              scaled to size 6.99199pt on input line 150.
LaTeX Font Info:    Font shape `U/futm/m/n' will be
(Font)              scaled to size 5.51999pt on input line 150.
LaTeX Font Info:    Font shape `T1/fnc/m/it' will be
(Font)              scaled to size 9.29993pt on input line 155.

Underfull \hbox (badness 1221) in paragraph at lines 193--199
\T1/fnc/m/n/10 sizes re-quire cor-re-spond-ingly larger ver-ti-cal spac-ing.
 []

[3 <./meld_1.png> <./meld_2.png>]

LaTeX Warning: Citation `Lamp86' on page 4 undefined on input line 259.

Package epstopdf Info: Source file: <image1.eps>
(epstopdf)                    date: 2019-12-04 23:54:36
(epstopdf)                    size: 24261 bytes
(epstopdf)             Output file: <image1-eps-converted-to.pdf>
(epstopdf)                    date: 2019-12-04 23:55:02
(epstopdf)                    size: 5590 bytes
(epstopdf)             Command: <repstopdf --outfile=image1-eps-converted-to.pd
f image1.eps>
(epstopdf)             \includegraphics on input line 278.
Package epstopdf Info: Output file is already uptodate.
<image1-eps-converted-to.pdf, id=30, 261.97874pt x 58.2175pt>
File: image1-eps-converted-to.pdf Graphic file (type pdf)
<use image1-eps-converted-to.pdf>
Package pdftex.def Info: image1-eps-converted-to.pdf  used on input line 278.
(pdftex.def)             Requested size: 241.84842pt x 53.7455pt.
Package epstopdf Info: Source file: <image3.eps>
(epstopdf)                    date: 2019-12-04 23:54:51
(epstopdf)                    size: 24252 bytes
(epstopdf)             Output file: <image3-eps-converted-to.pdf>
(epstopdf)                    date: 2019-12-04 23:55:02
(epstopdf)                    size: 5015 bytes
(epstopdf)             Command: <repstopdf --outfile=image3-eps-converted-to.pd
f image3.eps>
(epstopdf)             \includegraphics on input line 285.
Package epstopdf Info: Output file is already uptodate.
<image3-eps-converted-to.pdf, id=31, 231.86626pt x 143.53625pt>
File: image3-eps-converted-to.pdf Graphic file (type pdf)
<use image3-eps-converted-to.pdf>
Package pdftex.def Info: image3-eps-converted-to.pdf  used on input line 285.
(pdftex.def)             Requested size: 113.81102pt x 70.45602pt.
Package epstopdf Info: Source file: <image4.eps>
(epstopdf)                    date: 2019-12-04 23:54:53
(epstopdf)                    size: 23170 bytes
(epstopdf)             Output file: <image4-eps-converted-to.pdf>
(epstopdf)                    date: 2019-12-04 23:55:02
(epstopdf)                    size: 4708 bytes
(epstopdf)             Command: <repstopdf --outfile=image4-eps-converted-to.pd
f image4.eps>
(epstopdf)             \includegraphics on input line 292.
Package epstopdf Info: Output file is already uptodate.
<image4-eps-converted-to.pdf, id=32, 231.86626pt x 143.53625pt>
File: image4-eps-converted-to.pdf Graphic file (type pdf)
<use image4-eps-converted-to.pdf>
Package pdftex.def Info: image4-eps-converted-to.pdf  used on input line 292.
(pdftex.def)             Requested size: 113.81102pt x 70.45602pt.

LaTeX Warning: Citation `Lamp86' on page 4 undefined on input line 332.


LaTeX Warning: Citation `C2' on page 4 undefined on input line 333.

[4 <./image1-eps-converted-to.pdf> <./image3-eps-converted-to.pdf> <./image4-ep
s-converted-to.pdf>]
Underfull \hbox (badness 10000) in paragraph at lines 354--357
[]\T1/fnc/m/n/10 Feiyang Chen, Ziqian Luo and Yanyan Xu.
 []


Underfull \hbox (badness 10000) in paragraph at lines 354--357
\T1/fnc/m/n/10 Com-ple-men-tary Fu-sion of Multi-Features and
 []


Underfull \hbox (badness 10000) in paragraph at lines 354--357
\T1/fnc/m/n/10 Multi-Modalities in Sen-ti-ment Anal-y-sis, 2019;
 []


Underfull \hbox (badness 1048) in paragraph at lines 359--362
[]\T1/fnc/m/n/10 Samarth Tri-pathi, Sarthak Tri-pathi and Homay-
 []


Underfull \hbox (badness 1365) in paragraph at lines 359--362
\T1/fnc/m/n/10 oon Beigi.  Multi-Modal Emo-tion recog-ni-tion on
 []


Underfull \hbox (badness 2980) in paragraph at lines 359--362
\T1/fnc/m/n/10 IEMO-CAP Dataset us-ing Deep Learn-ing, 2018;
 []


Underfull \hbox (badness 10000) in paragraph at lines 395--398
\T1/fnc/m/n/10 Pri-hodko,  Emo-tion recog-ni-tion from speech
 []


Underfull \hbox (badness 1005) in paragraph at lines 395--398
\T1/fnc/m/n/10 with re-cur-rent neu-ral net-works,  arXiv preprint
 []

[5]
Underfull \hbox (badness 1527) in paragraph at lines 410--413
[]\T1/fnc/m/n/10 Adam Berming-ham and Alan Smeaton.  2010.
 []


Underfull \hbox (badness 2865) in paragraph at lines 420--423
\T1/fnc/m/n/10 Bidi-rec-tional Trans-form-ers for Lan-guage Un-der-
 []


Underfull \hbox (badness 1132) in paragraph at lines 425--428
[]\T1/fnc/m/n/10 S. E. Fahlman and C. Lebiere,  ^^PThe cascade-
 []


Underfull \hbox (badness 1314) in paragraph at lines 445--448
[]\T1/fnc/m/n/10 Sheng-Yeh Chen, Chao-Chun Hsu, Chuan-Chun
 []


Underfull \hbox (badness 1655) in paragraph at lines 450--453
\T1/fnc/m/n/10 for Emo-tion Recog-ni-tion in Con-ver-sa-tions, 2018;
 []

[6

] (./Template.aux)

LaTeX Warning: There were undefined references.


LaTeX Warning: Label(s) may have changed. Rerun to get cross-references right.

 ) 
Here is how much of TeX's memory you used:
 3740 strings out of 492616
 49514 string characters out of 6129482
 117450 words of memory out of 5000000
 7560 multiletter control sequences out of 15000+600000
 36897 words of font info for 66 fonts, out of 8000000 for 9000
 1141 hyphenation exceptions out of 8191
 36i,9n,37p,1029b,297s stack positions out of 5000i,500n,10000p,200000b,80000s
{/usr/local/texlive/2019/texmf-dist/fonts/enc/dvips/base/8r.enc}</usr/local/t
exlive/2019/texmf-dist/fonts/type1/public/fourier/fourier-ms.pfb></usr/local/te
xlive/2019/texmf-dist/fonts/type1/urw/ncntrsbk/uncb8a.pfb></usr/local/texlive/2
019/texmf-dist/fonts/type1/urw/ncntrsbk/uncbi8a.pfb></usr/local/texlive/2019/te
xmf-dist/fonts/type1/urw/ncntrsbk/uncr8a.pfb></usr/local/texlive/2019/texmf-dis
t/fonts/type1/urw/ncntrsbk/uncri8a.pfb>
Output written on Template.pdf (6 pages, 622060 bytes).
PDF statistics:
 75 PDF objects out of 1000 (max. 8388607)
 43 compressed objects within 1 object stream
 0 named destinations out of 1000 (max. 500000)
 46 words of extra memory for PDF output out of 10000 (max. 10000000)

